<?xml version="1.0" encoding="UTF-8"?>
<!-- Generated by org.testng.reporters.JUnitReportReporter -->
<testsuite skipped="0" hostname="DESKTOP-NOU9GCV" name="responseValidation.StaticResponeGetProject" tests="1" failures="0" timestamp="21 Apr 2022 06:36:36 GMT" time="3.987" errors="0">
  <testcase name="staticresp" time="3.987" classname="responseValidation.StaticResponeGetProject"/>
</testsuite> <!-- responseValidation.StaticResponeGetProject -->
