<?xml version="1.0" encoding="UTF-8"?>
<!-- Generated by org.testng.reporters.JUnitReportReporter -->
<testsuite skipped="0" hostname="DESKTOP-NOU9GCV" name="dataProvider.CreateMultipleProjectInOneReq" tests="3" failures="0" timestamp="21 Apr 2022 07:46:13 GMT" time="23.200" errors="0">
  <testcase name="createProject" time="3.554" classname="dataProvider.CreateMultipleProjectInOneReq"/>
  <testcase name="createProject" time="0.554" classname="dataProvider.CreateMultipleProjectInOneReq"/>
  <testcase name="createProject" time="19.092" classname="dataProvider.CreateMultipleProjectInOneReq"/>
</testsuite> <!-- dataProvider.CreateMultipleProjectInOneReq -->
