<?xml version="1.0" encoding="UTF-8"?>
<!-- Generated by org.testng.reporters.JUnitReportReporter -->
<testsuite skipped="0" hostname="DESKTOP-NOU9GCV" name="parameters.QueryParameter" tests="1" failures="0" timestamp="21 Apr 2022 08:10:26 GMT" time="4.024" errors="0">
  <testcase name="query" time="4.024" classname="parameters.QueryParameter"/>
</testsuite> <!-- parameters.QueryParameter -->
