<?xml version="1.0" encoding="UTF-8"?>
<!-- Generated by org.testng.reporters.JUnitReportReporter -->
<testsuite skipped="0" hostname="DESKTOP-NOU9GCV" name="performingCRUDWithBDD.CreateProjectTest" tests="1" failures="0" timestamp="20 Apr 2022 08:49:10 GMT" time="24.041" errors="0">
  <testcase name="createProject" time="24.041" classname="performingCRUDWithBDD.CreateProjectTest"/>
</testsuite> <!-- performingCRUDWithBDD.CreateProjectTest -->
