<?xml version="1.0" encoding="UTF-8"?>
<!-- Generated by org.testng.reporters.JUnitReportReporter -->
<testsuite skipped="0" hostname="DESKTOP-NOU9GCV" name="differentWaysToPost.CreateProjectUsingJsonObj" tests="1" failures="0" timestamp="20 Apr 2022 10:45:21 GMT" time="10.695" errors="0">
  <testcase name="create" time="10.695" classname="differentWaysToPost.CreateProjectUsingJsonObj"/>
</testsuite> <!-- differentWaysToPost.CreateProjectUsingJsonObj -->
