<?xml version="1.0" encoding="UTF-8"?>
<!-- Generated by org.testng.reporters.JUnitReportReporter -->
<testsuite skipped="0" hostname="DESKTOP-NOU9GCV" name="com.rmg.projectTest.UpdateTheProject" tests="1" failures="0" timestamp="20 Apr 2022 07:12:40 GMT" time="3.381" errors="0">
  <testcase name="updateproject" time="3.381" classname="com.rmg.projectTest.UpdateTheProject"/>
</testsuite> <!-- com.rmg.projectTest.UpdateTheProject -->
