<?xml version="1.0" encoding="UTF-8"?>
<!-- Generated by org.testng.reporters.JUnitReportReporter -->
<testsuite skipped="0" hostname="DESKTOP-NOU9GCV" name="requestChaining.CreateAndDeleteRequest" tests="1" failures="0" timestamp="21 Apr 2022 11:16:20 GMT" time="31.218" errors="0">
  <testcase name="create" time="31.218" classname="requestChaining.CreateAndDeleteRequest"/>
</testsuite> <!-- requestChaining.CreateAndDeleteRequest -->
