<?xml version="1.0" encoding="UTF-8"?>
<!-- Generated by org.testng.reporters.JUnitReportReporter -->
<testsuite skipped="0" hostname="DESKTOP-NOU9GCV" name="requestChaining.CreateProjectAndGetProject" tests="1" failures="0" timestamp="21 Apr 2022 10:16:21 GMT" time="5.622" errors="0">
  <testcase name="create" time="5.622" classname="requestChaining.CreateProjectAndGetProject"/>
</testsuite> <!-- requestChaining.CreateProjectAndGetProject -->
