<?xml version="1.0" encoding="UTF-8"?>
<!-- Generated by org.testng.reporters.JUnitReportReporter -->
<testsuite skipped="0" hostname="DESKTOP-NOU9GCV" name="parameters.ParamaterFromGit" tests="1" failures="0" timestamp="21 Apr 2022 11:13:33 GMT" time="5.929" errors="0">
  <testcase name="para" time="5.929" classname="parameters.ParamaterFromGit"/>
</testsuite> <!-- parameters.ParamaterFromGit -->
