<?xml version="1.0" encoding="UTF-8"?>
<!-- Generated by org.testng.reporters.JUnitReportReporter -->
<testsuite skipped="0" hostname="DESKTOP-NOU9GCV" name="authentication.Ouath2_0" tests="1" failures="0" timestamp="21 Apr 2022 12:15:59 GMT" time="4.377" errors="0">
  <testcase name="outh" time="4.377" classname="authentication.Ouath2_0"/>
</testsuite> <!-- authentication.Ouath2_0 -->
