<?xml version="1.0" encoding="UTF-8"?>
<!-- Generated by org.testng.reporters.JUnitReportReporter -->
<testsuite skipped="0" hostname="DESKTOP-NOU9GCV" name="parameters.PathParameter" tests="1" failures="0" timestamp="21 Apr 2022 09:11:35 GMT" time="28.539" errors="0">
  <testcase name="path" time="28.539" classname="parameters.PathParameter"/>
</testsuite> <!-- parameters.PathParameter -->
