<?xml version="1.0" encoding="UTF-8"?>
<!-- Generated by org.testng.reporters.JUnitReportReporter -->
<testsuite skipped="0" hostname="DESKTOP-NOU9GCV" name="com.rmg.projectTest.GetAllProjects" tests="1" failures="0" timestamp="20 Apr 2022 06:51:02 GMT" time="5.139" errors="0">
  <testcase name="getAllProjects" time="5.139" classname="com.rmg.projectTest.GetAllProjects"/>
</testsuite> <!-- com.rmg.projectTest.GetAllProjects -->
