<?xml version="1.0" encoding="UTF-8"?>
<!-- Generated by org.testng.reporters.JUnitReportReporter -->
<testsuite skipped="0" hostname="DESKTOP-NOU9GCV" name="responseValidation.DynamicResponse" tests="1" failures="0" timestamp="21 Apr 2022 06:45:50 GMT" time="3.660" errors="0">
  <testcase name="resp" time="3.660" classname="responseValidation.DynamicResponse"/>
</testsuite> <!-- responseValidation.DynamicResponse -->
