<?xml version="1.0" encoding="UTF-8"?>
<!-- Generated by org.testng.reporters.JUnitReportReporter -->
<testsuite skipped="0" hostname="DESKTOP-NOU9GCV" name="performingCRUDWithBDD.DeleteProject" tests="1" failures="0" timestamp="20 Apr 2022 09:16:14 GMT" time="2.569" errors="0">
  <testcase name="deleteProject" time="2.569" classname="performingCRUDWithBDD.DeleteProject"/>
</testsuite> <!-- performingCRUDWithBDD.DeleteProject -->
