<?xml version="1.0" encoding="UTF-8"?>
<!-- Generated by org.testng.reporters.JUnitReportReporter -->
<testsuite skipped="0" hostname="DESKTOP-NOU9GCV" name="performingCRUDWithBDD.UpdateProject" tests="1" failures="0" timestamp="20 Apr 2022 09:01:15 GMT" time="7.072" errors="0">
  <testcase name="updateproject" time="7.072" classname="performingCRUDWithBDD.UpdateProject"/>
</testsuite> <!-- performingCRUDWithBDD.UpdateProject -->
