<?xml version="1.0" encoding="UTF-8"?>
<!-- Generated by org.testng.reporters.JUnitReportReporter -->
<testsuite skipped="0" hostname="DESKTOP-NOU9GCV" name="authentication.BearerToken" tests="1" failures="0" timestamp="21 Apr 2022 11:07:14 GMT" time="9.169" errors="0">
  <testcase name="bearerToken" time="9.169" classname="authentication.BearerToken"/>
</testsuite> <!-- authentication.BearerToken -->
