<?xml version="1.0" encoding="UTF-8"?>
<!-- Generated by org.testng.reporters.JUnitReportReporter -->
<testsuite skipped="0" hostname="DESKTOP-NOU9GCV" name="parameters.FormParameter" tests="1" failures="0" timestamp="21 Apr 2022 09:31:48 GMT" time="2.906" errors="0">
  <testcase name="form" time="2.906" classname="parameters.FormParameter"/>
</testsuite> <!-- parameters.FormParameter -->
