<?xml version="1.0" encoding="UTF-8"?>
<!-- Generated by org.testng.reporters.JUnitReportReporter -->
<testsuite skipped="0" hostname="DESKTOP-NOU9GCV" name="performingCRUDWithBDD.GetAllProjects" tests="1" failures="0" timestamp="21 Apr 2022 15:49:22 GMT" time="37.385" errors="0">
  <testcase name="getAllProject" time="37.385" classname="performingCRUDWithBDD.GetAllProjects"/>
</testsuite> <!-- performingCRUDWithBDD.GetAllProjects -->
