<?xml version="1.0" encoding="UTF-8"?>
<!-- Generated by org.testng.reporters.JUnitReportReporter -->
<testsuite skipped="0" hostname="DESKTOP-NOU9GCV" name="com.rmg.projectTest.CreateProject" tests="1" failures="0" timestamp="20 Apr 2022 07:07:53 GMT" time="3.292" errors="0">
  <testcase name="createProject" time="3.292" classname="com.rmg.projectTest.CreateProject"/>
</testsuite> <!-- com.rmg.projectTest.CreateProject -->
