<?xml version="1.0" encoding="UTF-8"?>
<!-- Generated by org.testng.reporters.JUnitReportReporter -->
<testsuite skipped="0" hostname="DESKTOP-NOU9GCV" name="authentication.BasicAuth" tests="3" failures="0" timestamp="21 Apr 2022 10:41:18 GMT" time="7.632" errors="0">
  <testcase name="basic" time="7.103" classname="authentication.BasicAuth"/>
  <testcase name="basic2" time="0.265" classname="authentication.BasicAuth"/>
  <testcase name="basic1" time="0.264" classname="authentication.BasicAuth"/>
</testsuite> <!-- authentication.BasicAuth -->
