<?xml version="1.0" encoding="UTF-8"?>
<!-- Generated by org.testng.reporters.JUnitReportReporter -->
<testsuite skipped="0" hostname="DESKTOP-NOU9GCV" name="responseValidation.ResponseTimeValidation" tests="1" failures="0" timestamp="21 Apr 2022 07:11:13 GMT" time="2.760" errors="0">
  <testcase name="resp" time="2.760" classname="responseValidation.ResponseTimeValidation"/>
</testsuite> <!-- responseValidation.ResponseTimeValidation -->
