<?xml version="1.0" encoding="UTF-8"?>
<!-- Generated by org.testng.reporters.JUnitReportReporter -->
<testsuite skipped="0" hostname="DESKTOP-NOU9GCV" name="com.rmg.projectTest.GetSingleProject" tests="1" failures="0" timestamp="20 Apr 2022 06:53:57 GMT" time="3.124" errors="0">
  <testcase name="getSingleProject" time="3.124" classname="com.rmg.projectTest.GetSingleProject"/>
</testsuite> <!-- com.rmg.projectTest.GetSingleProject -->
