<?xml version="1.0" encoding="UTF-8"?>
<!-- Generated by org.testng.reporters.JUnitReportReporter -->
<testsuite skipped="0" hostname="DESKTOP-NOU9GCV" name="differentWaysToPost.CreateProjectUsingJsonFile" tests="1" failures="0" timestamp="20 Apr 2022 11:00:03 GMT" time="3.392" errors="0">
  <testcase name="create" time="3.392" classname="differentWaysToPost.CreateProjectUsingJsonFile"/>
</testsuite> <!-- differentWaysToPost.CreateProjectUsingJsonFile -->
