<?xml version="1.0" encoding="UTF-8"?>
<!-- Generated by org.testng.reporters.JUnitReportReporter -->
<testsuite skipped="0" hostname="DESKTOP-NOU9GCV" name="responseValidation.StaticResponse" tests="1" failures="0" timestamp="21 Apr 2022 06:40:16 GMT" time="4.829" errors="0">
  <testcase name="response" time="4.829" classname="responseValidation.StaticResponse"/>
</testsuite> <!-- responseValidation.StaticResponse -->
