<?xml version="1.0" encoding="UTF-8"?>
<!-- Generated by org.testng.reporters.JUnitReportReporter -->
<testsuite skipped="0" hostname="DESKTOP-NOU9GCV" name="performingCRUDWithBDD.GetSingleProject" tests="1" failures="0" timestamp="20 Apr 2022 08:56:31 GMT" time="3.195" errors="0">
  <testcase name="getSingleProject" time="3.195" classname="performingCRUDWithBDD.GetSingleProject"/>
</testsuite> <!-- performingCRUDWithBDD.GetSingleProject -->
